<?xml version="1.0" encoding="utf-8"?><testsuites><testsuite name="pytest" errors="0" failures="0" skipped="0" tests="11" time="1.632" timestamp="2024-03-22T23:30:06.273964" hostname="buildkitsandbox"><testcase classname="tests.test_login_endpoint" name="test_GivenNonExistingAccount_When_LogingIn_Then_UnauthorizedtIsReturned" time="0.081" /><testcase classname="tests.test_login_endpoint" name="test_GivenBadEmailFormat_When_LogingIn_Then_UnauthorizedtIsReturned" time="0.009" /><testcase classname="tests.test_login_endpoint" name="test_GivenExistingAccount_When_LogingIn_Then_ResponseParametersAreOk" time="0.010" /><testcase classname="tests.test_refresh_endpoint" name="test_GivenRefreshToken_When_Refresh_Then_ReturnAccessToken" time="0.157" /><testcase classname="tests.test_refresh_endpoint" name="test_GivenRefreshTokenWithoutEmail_When_Refresh_Then_ReturnRequestUnauthorized" time="0.026" /><testcase classname="tests.test_refresh_endpoint" name="test_GivenRefreshTokenWithoutRole_When_Refresh_Then_ReturnRequestUnauthorized" time="0.027" /><testcase classname="tests.test_refresh_endpoint" name="test_GivenRefreshTokenWithoutExp_When_Refresh_Then_ReturnRequestUnauthorized" time="0.021" /><testcase classname="tests.test_refresh_endpoint" name="test_GivenFaultyRefreshToken_When_Refresh_Then_ReturnRequestUnauthorized" time="0.021" /><testcase classname="tests.test_register_endpoint" name="test_Given_ProperUser_When_RegisteringTheUser_Then_CreatedRequestIsReturned" time="0.011" /><testcase classname="tests.test_register_endpoint" name="test_Given_UserWithWrongEmailFromat_When_RegisteringTheUser_Then_BadRequestIsReturned" time="0.010" /><testcase classname="tests.test_register_endpoint" name="test_Given_ExistingUser_When_RegisteringTheSameUser_Then_BadRequestIsReturned" time="0.010" /></testsuite></testsuites>