<?xml version="1.0" encoding="utf-8"?><testsuites><testsuite name="pytest" errors="0" failures="0" skipped="0" tests="3" time="1.121" timestamp="2024-03-21T11:09:05.964342" hostname="buildkitsandbox"><testcase classname="tests.test_endpoints" name="test_register_endpoint_when_correct_credentials" time="0.059" /><testcase classname="tests.test_endpoints" name="test_register_endpoint_when_invalid_email_format" time="0.006" /><testcase classname="tests.test_endpoints" name="test_register_endpoint_when_user_already_exists" time="0.008" /></testsuite></testsuites>